<?xml version="1.0" encoding="UTF-8"?>
<!-- Generated by org.testng.reporters.JUnitXMLReporter -->
<testsuite hostname="DESKTOP-30GG35O" ignored="0" name="Test" tests="2" failures="2" timestamp="2021-12-07T22:01:12 AEDT" time="98.119" errors="0">
  <testcase name="verifyPolicyInfoForUSA4x4VehicleForDurationOf6Days" time="32.362" classname="covergenius.tests.RCVehicleRentalInsuraceQuotesTest">
    <failure type="org.openqa.selenium.NoSuchElementException" message="no such element: Unable to locate element: {&amp;quot;method&amp;quot;:&amp;quot;link text&amp;quot;,&amp;quot;selector&amp;quot;:&amp;quot;11&amp;quot;}
  (Session info: chrome=80.0.3987.122)
For documentation on this error, please visit: https://selenium.dev/exceptions/#no_such_element
Build info: version: &amp;apos;4.1.0&amp;apos;, revision: &amp;apos;87802e897b&amp;apos;
System info: host: &amp;apos;DESKTOP-30GG35O&amp;apos;, ip: &amp;apos;10.0.0.7&amp;apos;, os.name: &amp;apos;Windows 10&amp;apos;, os.arch: &amp;apos;amd64&amp;apos;, os.version: &amp;apos;10.0&amp;apos;, java.version: &amp;apos;1.8.0_231&amp;apos;
Driver info: org.openqa.selenium.chrome.ChromeDriver
Command: [d46b15d290e365f4ca09f6330ac99d6d, findChildElement {id=8dab3002-00e5-4593-80e7-f99e57daed5d, using=link text, value=11}]
Capabilities {acceptInsecureCerts: false, browserName: chrome, browserVersion: 80.0.3987.122, chrome: {chromedriverVersion: 80.0.3987.106 (f68069574609..., userDataDir: C:\Users\Sukhi\AppData\Loca...}, goog:chromeOptions: {debuggerAddress: localhost:53237}, javascriptEnabled: true, networkConnectionEnabled: false, pageLoadStrategy: normal, platform: WINDOWS, platformName: WINDOWS, proxy: Proxy(), se:cdp: ws://localhost:53237/devtoo..., se:cdpVersion: 80.0.3987.122, setWindowRect: true, strictFileInteractability: false, timeouts: {implicit: 0, pageLoad: 300000, script: 30000}, unhandledPromptBehavior: dismiss and notify}
Session ID: d46b15d290e365f4ca09f6330ac99d6d">
      <![CDATA[org.openqa.selenium.NoSuchElementException: no such element: Unable to locate element: {"method":"link text","selector":"11"}
  (Session info: chrome=80.0.3987.122)
For documentation on this error, please visit: https://selenium.dev/exceptions/#no_such_element
Build info: version: '4.1.0', revision: '87802e897b'
System info: host: 'DESKTOP-30GG35O', ip: '10.0.0.7', os.name: 'Windows 10', os.arch: 'amd64', os.version: '10.0', java.version: '1.8.0_231'
Driver info: org.openqa.selenium.chrome.ChromeDriver
Command: [d46b15d290e365f4ca09f6330ac99d6d, findChildElement {id=8dab3002-00e5-4593-80e7-f99e57daed5d, using=link text, value=11}]
Capabilities {acceptInsecureCerts: false, browserName: chrome, browserVersion: 80.0.3987.122, chrome: {chromedriverVersion: 80.0.3987.106 (f68069574609..., userDataDir: C:\Users\Sukhi\AppData\Loca...}, goog:chromeOptions: {debuggerAddress: localhost:53237}, javascriptEnabled: true, networkConnectionEnabled: false, pageLoadStrategy: normal, platform: WINDOWS, platformName: WINDOWS, proxy: Proxy(), se:cdp: ws://localhost:53237/devtoo..., se:cdpVersion: 80.0.3987.122, setWindowRect: true, strictFileInteractability: false, timeouts: {implicit: 0, pageLoad: 300000, script: 30000}, unhandledPromptBehavior: dismiss and notify}
Session ID: d46b15d290e365f4ca09f6330ac99d6d
at org.openqa.selenium.remote.codec.w3c.W3CHttpResponseCodec.createException(W3CHttpResponseCodec.java:200)
at org.openqa.selenium.remote.codec.w3c.W3CHttpResponseCodec.decode(W3CHttpResponseCodec.java:133)
at org.openqa.selenium.remote.codec.w3c.W3CHttpResponseCodec.decode(W3CHttpResponseCodec.java:53)
at org.openqa.selenium.remote.HttpCommandExecutor.execute(HttpCommandExecutor.java:184)
at org.openqa.selenium.remote.service.DriverCommandExecutor.invokeExecute(DriverCommandExecutor.java:164)
at org.openqa.selenium.remote.service.DriverCommandExecutor.execute(DriverCommandExecutor.java:139)
at org.openqa.selenium.remote.RemoteWebDriver.execute(RemoteWebDriver.java:559)
at org.openqa.selenium.remote.ElementLocation$ElementFinder$2.findElement(ElementLocation.java:162)
at org.openqa.selenium.remote.ElementLocation.findElement(ElementLocation.java:60)
at org.openqa.selenium.remote.RemoteWebDriver.findElement(RemoteWebDriver.java:383)
at org.openqa.selenium.remote.RemoteWebElement.findElement(RemoteWebElement.java:221)
at covergenius.pages.RentalCoverLandingPage.setEndDate(RentalCoverLandingPage.java:45)
at covergenius.pages.RentalCoverLandingPage.getPolicyQuoteForVehicleRentalForDuration(RentalCoverLandingPage.java:30)
at covergenius.tests.RCVehicleRentalInsuraceQuotesTest.verifyPolicyInfoForUSA4x4VehicleForDurationOf6Days(RCVehicleRentalInsuraceQuotesTest.java:37)
at java.util.ArrayList.forEach(Unknown Source)
... Removed 31 stack frames]]>
    </failure>
  </testcase> <!-- verifyPolicyInfoForUSA4x4VehicleForDurationOf6Days -->
  <testcase name="verifyPolicyQuoteForUnitedStates4x4VehicleFor1Day" time="12.047" classname="covergenius.tests.RCVehicleRentalInsuraceQuotesTest">
    <failure type="java.lang.AssertionError" message="The following asserts failed:
	Total Price expected [26.68] but found [28.020000457763672]">
      <![CDATA[java.lang.AssertionError: The following asserts failed:
Total Price expected [26.68] but found [28.020000457763672]
at covergenius.tests.RCVehicleRentalInsuraceQuotesTest.verifyPolicyQuoteForUnitedStates4x4VehicleFor1Day(RCVehicleRentalInsuraceQuotesTest.java:27)
at java.util.ArrayList.forEach(Unknown Source)
... Removed 29 stack frames]]>
    </failure>
  </testcase> <!-- verifyPolicyQuoteForUnitedStates4x4VehicleFor1Day -->
</testsuite> <!-- Test -->
