<!DOCTYPE html PUBLIC "-//W3C//DTD XHTML 1.1//EN" "https://www.w3.org/TR/xhtml11/DTD/xhtml11.dtd">
<html xmlns="https://www.w3.org/1999/xhtml">
<head>
<meta http-equiv="content-type" content="text/html; charset=UTF-8"/>
<title>TestNG Report</title>
<style type="text/css">table {margin-bottom:10px;border-collapse:collapse;empty-cells:show}th,td {border:1px solid #009;padding:.25em .5em}th {vertical-align:bottom}td {vertical-align:top}table a {font-weight:bold}.stripe td {background-color: #E6EBF9}.num {text-align:right}.passedodd td {background-color: #3F3}.passedeven td {background-color: #0A0}.skippedodd td {background-color: #DDD}.skippedeven td {background-color: #CCC}.failedodd td,.attn {background-color: #F33}.failedeven td,.stripe .attn {background-color: #D00}.stacktrace {white-space:pre;font-family:monospace}.totop {font-size:85%;text-align:center;border-bottom:2px solid #000}.invisible {display:none}</style>
</head>
<body>
<table>
<tr><th>Test</th><th># Passed</th><th># Skipped</th><th># Retried</th><th># Failed</th><th>Time (ms)</th><th>Included Groups</th><th>Excluded Groups</th></tr>
<tr><th colspan="8">CoverGeniusTestSuite</th></tr>
<tr><td><a href="#t0">Test</a></td><td class="num">0</td><td class="num">0</td><td class="num">0</td><td class="num attn">2</td><td class="num">98,119</td><td></td><td></td></tr>
</table>
<table id='summary'><thead><tr><th>Class</th><th>Method</th><th>Start</th><th>Time (ms)</th></tr></thead><tbody><tr><th colspan="4">CoverGeniusTestSuite</th></tr></tbody><tbody id="t0"><tr><th colspan="4">Test &#8212; failed</th></tr><tr class="failedeven"><td rowspan="2">covergenius.tests.RCVehicleRentalInsuraceQuotesTest</td><td><a href="#m0">verifyPolicyInfoForUSA4x4VehicleForDurationOf6Days</a></td><td rowspan="1">1638874804598</td><td rowspan="1">32362</td></tr><tr class="failedeven"><td><a href="#m1">verifyPolicyQuoteForUnitedStates4x4VehicleFor1Day</a></td><td rowspan="1">1638874858819</td><td rowspan="1">12047</td></tr></tbody>
</table>
<h2>Test</h2><h3 id="m0">covergenius.tests.RCVehicleRentalInsuraceQuotesTest#verifyPolicyInfoForUSA4x4VehicleForDurationOf6Days</h3><table class="result"><tr><th>Exception</th></tr><tr><td><div class="stacktrace">org.openqa.selenium.NoSuchElementException: no such element: Unable to locate element: {&quot;method&quot;:&quot;link text&quot;,&quot;selector&quot;:&quot;11&quot;}
  (Session info: chrome=80.0.3987.122)
For documentation on this error, please visit: https://selenium.dev/exceptions/#no_such_element
Build info: version: &apos;4.1.0&apos;, revision: &apos;87802e897b&apos;
System info: host: &apos;DESKTOP-30GG35O&apos;, ip: &apos;10.0.0.7&apos;, os.name: &apos;Windows 10&apos;, os.arch: &apos;amd64&apos;, os.version: &apos;10.0&apos;, java.version: &apos;1.8.0_231&apos;
Driver info: org.openqa.selenium.chrome.ChromeDriver
Command: [d46b15d290e365f4ca09f6330ac99d6d, findChildElement {id=8dab3002-00e5-4593-80e7-f99e57daed5d, using=link text, value=11}]
Capabilities {acceptInsecureCerts: false, browserName: chrome, browserVersion: 80.0.3987.122, chrome: {chromedriverVersion: 80.0.3987.106 (f68069574609..., userDataDir: C:\Users\Sukhi\AppData\Loca...}, goog:chromeOptions: {debuggerAddress: localhost:53237}, javascriptEnabled: true, networkConnectionEnabled: false, pageLoadStrategy: normal, platform: WINDOWS, platformName: WINDOWS, proxy: Proxy(), se:cdp: ws://localhost:53237/devtoo..., se:cdpVersion: 80.0.3987.122, setWindowRect: true, strictFileInteractability: false, timeouts: {implicit: 0, pageLoad: 300000, script: 30000}, unhandledPromptBehavior: dismiss and notify}
Session ID: d46b15d290e365f4ca09f6330ac99d6d
	at org.openqa.selenium.remote.codec.w3c.W3CHttpResponseCodec.createException(W3CHttpResponseCodec.java:200)
	at org.openqa.selenium.remote.codec.w3c.W3CHttpResponseCodec.decode(W3CHttpResponseCodec.java:133)
	at org.openqa.selenium.remote.codec.w3c.W3CHttpResponseCodec.decode(W3CHttpResponseCodec.java:53)
	at org.openqa.selenium.remote.HttpCommandExecutor.execute(HttpCommandExecutor.java:184)
	at org.openqa.selenium.remote.service.DriverCommandExecutor.invokeExecute(DriverCommandExecutor.java:164)
	at org.openqa.selenium.remote.service.DriverCommandExecutor.execute(DriverCommandExecutor.java:139)
	at org.openqa.selenium.remote.RemoteWebDriver.execute(RemoteWebDriver.java:559)
	at org.openqa.selenium.remote.ElementLocation$ElementFinder$2.findElement(ElementLocation.java:162)
	at org.openqa.selenium.remote.ElementLocation.findElement(ElementLocation.java:60)
	at org.openqa.selenium.remote.RemoteWebDriver.findElement(RemoteWebDriver.java:383)
	at org.openqa.selenium.remote.RemoteWebElement.findElement(RemoteWebElement.java:221)
	at covergenius.pages.RentalCoverLandingPage.setEndDate(RentalCoverLandingPage.java:45)
	at covergenius.pages.RentalCoverLandingPage.getPolicyQuoteForVehicleRentalForDuration(RentalCoverLandingPage.java:30)
	at covergenius.tests.RCVehicleRentalInsuraceQuotesTest.verifyPolicyInfoForUSA4x4VehicleForDurationOf6Days(RCVehicleRentalInsuraceQuotesTest.java:37)
	at java.util.ArrayList.forEach(Unknown Source)
... Removed 31 stack frames</div></td></tr></table><p class="totop"><a href="#summary">back to summary</a></p>
<h3 id="m1">covergenius.tests.RCVehicleRentalInsuraceQuotesTest#verifyPolicyQuoteForUnitedStates4x4VehicleFor1Day</h3><table class="result"><tr><th>Exception</th></tr><tr><td><div class="stacktrace">java.lang.AssertionError: The following asserts failed:
	Total Price expected [26.68] but found [28.020000457763672]
	at covergenius.tests.RCVehicleRentalInsuraceQuotesTest.verifyPolicyQuoteForUnitedStates4x4VehicleFor1Day(RCVehicleRentalInsuraceQuotesTest.java:27)
	at java.util.ArrayList.forEach(Unknown Source)
... Removed 29 stack frames</div></td></tr></table><p class="totop"><a href="#summary">back to summary</a></p>
</body>
</html>
