<?xml version="1.0" encoding="UTF-8"?>
<testng-results skipped="0" failed="2" ignored="0" total="2" passed="0">
  <reporter-output>
  </reporter-output>
  <suite name="CoverGeniusTestSuite" duration-ms="98119" started-at="2021-12-07T21:59:34 AEDT" finished-at="2021-12-07T22:01:12 AEDT">
    <groups>
    </groups>
    <test name="Test" duration-ms="98119" started-at="2021-12-07T21:59:34 AEDT" finished-at="2021-12-07T22:01:12 AEDT">
      <class name="covergenius.tests.RCVehicleRentalInsuraceQuotesTest">
        <test-method status="PASS" signature="beforeSuite()[pri:0, instance:covergenius.tests.RCVehicleRentalInsuraceQuotesTest@4fb64261]" name="beforeSuite" is-config="true" duration-ms="560" started-at="2021-12-07T21:59:33 AEDT" finished-at="2021-12-07T21:59:34 AEDT">
          <reporter-output>
          </reporter-output>
        </test-method> <!-- beforeSuite -->
        <test-method status="PASS" signature="beforeClass()[pri:0, instance:covergenius.tests.RCVehicleRentalInsuraceQuotesTest@4fb64261]" name="beforeClass" is-config="true" duration-ms="954" started-at="2021-12-07T21:59:34 AEDT" finished-at="2021-12-07T21:59:35 AEDT">
          <reporter-output>
          </reporter-output>
        </test-method> <!-- beforeClass -->
        <test-method status="PASS" signature="beforeMethod(java.lang.reflect.Method)[pri:0, instance:covergenius.tests.RCVehicleRentalInsuraceQuotesTest@4fb64261]" name="beforeMethod" is-config="true" duration-ms="29087" started-at="2021-12-07T21:59:35 AEDT" finished-at="2021-12-07T22:00:04 AEDT">
          <params>
            <param index="0">
              <value>
                <![CDATA[public void covergenius.tests.RCVehicleRentalInsuraceQuotesTest.verifyPolicyInfoForUSA4x4VehicleForDurationOf6Days()]]>
              </value>
            </param>
          </params>
          <reporter-output>
          </reporter-output>
        </test-method> <!-- beforeMethod -->
        <test-method status="FAIL" signature="verifyPolicyInfoForUSA4x4VehicleForDurationOf6Days()[pri:0, instance:covergenius.tests.RCVehicleRentalInsuraceQuotesTest@4fb64261]" name="verifyPolicyInfoForUSA4x4VehicleForDurationOf6Days" duration-ms="32362" started-at="2021-12-07T22:00:04 AEDT" finished-at="2021-12-07T22:00:36 AEDT">
          <exception class="org.openqa.selenium.NoSuchElementException">
            <message>
              <![CDATA[no such element: Unable to locate element: {"method":"link text","selector":"11"}
  (Session info: chrome=80.0.3987.122)
For documentation on this error, please visit: https://selenium.dev/exceptions/#no_such_element
Build info: version: '4.1.0', revision: '87802e897b'
System info: host: 'DESKTOP-30GG35O', ip: '10.0.0.7', os.name: 'Windows 10', os.arch: 'amd64', os.version: '10.0', java.version: '1.8.0_231'
Driver info: org.openqa.selenium.chrome.ChromeDriver
Command: [d46b15d290e365f4ca09f6330ac99d6d, findChildElement {id=8dab3002-00e5-4593-80e7-f99e57daed5d, using=link text, value=11}]
Capabilities {acceptInsecureCerts: false, browserName: chrome, browserVersion: 80.0.3987.122, chrome: {chromedriverVersion: 80.0.3987.106 (f68069574609..., userDataDir: C:\Users\Sukhi\AppData\Loca...}, goog:chromeOptions: {debuggerAddress: localhost:53237}, javascriptEnabled: true, networkConnectionEnabled: false, pageLoadStrategy: normal, platform: WINDOWS, platformName: WINDOWS, proxy: Proxy(), se:cdp: ws://localhost:53237/devtoo..., se:cdpVersion: 80.0.3987.122, setWindowRect: true, strictFileInteractability: false, timeouts: {implicit: 0, pageLoad: 300000, script: 30000}, unhandledPromptBehavior: dismiss and notify}
Session ID: d46b15d290e365f4ca09f6330ac99d6d]]>
            </message>
            <full-stacktrace>
              <![CDATA[org.openqa.selenium.NoSuchElementException: no such element: Unable to locate element: {"method":"link text","selector":"11"}
  (Session info: chrome=80.0.3987.122)
For documentation on this error, please visit: https://selenium.dev/exceptions/#no_such_element
Build info: version: '4.1.0', revision: '87802e897b'
System info: host: 'DESKTOP-30GG35O', ip: '10.0.0.7', os.name: 'Windows 10', os.arch: 'amd64', os.version: '10.0', java.version: '1.8.0_231'
Driver info: org.openqa.selenium.chrome.ChromeDriver
Command: [d46b15d290e365f4ca09f6330ac99d6d, findChildElement {id=8dab3002-00e5-4593-80e7-f99e57daed5d, using=link text, value=11}]
Capabilities {acceptInsecureCerts: false, browserName: chrome, browserVersion: 80.0.3987.122, chrome: {chromedriverVersion: 80.0.3987.106 (f68069574609..., userDataDir: C:\Users\Sukhi\AppData\Loca...}, goog:chromeOptions: {debuggerAddress: localhost:53237}, javascriptEnabled: true, networkConnectionEnabled: false, pageLoadStrategy: normal, platform: WINDOWS, platformName: WINDOWS, proxy: Proxy(), se:cdp: ws://localhost:53237/devtoo..., se:cdpVersion: 80.0.3987.122, setWindowRect: true, strictFileInteractability: false, timeouts: {implicit: 0, pageLoad: 300000, script: 30000}, unhandledPromptBehavior: dismiss and notify}
Session ID: d46b15d290e365f4ca09f6330ac99d6d
at sun.reflect.NativeConstructorAccessorImpl.newInstance0(Native Method)
at sun.reflect.NativeConstructorAccessorImpl.newInstance(Unknown Source)
at sun.reflect.DelegatingConstructorAccessorImpl.newInstance(Unknown Source)
at java.lang.reflect.Constructor.newInstance(Unknown Source)
at org.openqa.selenium.remote.codec.w3c.W3CHttpResponseCodec.createException(W3CHttpResponseCodec.java:200)
at org.openqa.selenium.remote.codec.w3c.W3CHttpResponseCodec.decode(W3CHttpResponseCodec.java:133)
at org.openqa.selenium.remote.codec.w3c.W3CHttpResponseCodec.decode(W3CHttpResponseCodec.java:53)
at org.openqa.selenium.remote.HttpCommandExecutor.execute(HttpCommandExecutor.java:184)
at org.openqa.selenium.remote.service.DriverCommandExecutor.invokeExecute(DriverCommandExecutor.java:164)
at org.openqa.selenium.remote.service.DriverCommandExecutor.execute(DriverCommandExecutor.java:139)
at org.openqa.selenium.remote.RemoteWebDriver.execute(RemoteWebDriver.java:559)
at org.openqa.selenium.remote.ElementLocation$ElementFinder$2.findElement(ElementLocation.java:162)
at org.openqa.selenium.remote.ElementLocation.findElement(ElementLocation.java:60)
at org.openqa.selenium.remote.RemoteWebDriver.findElement(RemoteWebDriver.java:383)
at org.openqa.selenium.remote.RemoteWebElement.findElement(RemoteWebElement.java:221)
at covergenius.pages.RentalCoverLandingPage.setEndDate(RentalCoverLandingPage.java:45)
at covergenius.pages.RentalCoverLandingPage.getPolicyQuoteForVehicleRentalForDuration(RentalCoverLandingPage.java:30)
at covergenius.tests.RCVehicleRentalInsuraceQuotesTest.verifyPolicyInfoForUSA4x4VehicleForDurationOf6Days(RCVehicleRentalInsuraceQuotesTest.java:37)
at sun.reflect.NativeMethodAccessorImpl.invoke0(Native Method)
at sun.reflect.NativeMethodAccessorImpl.invoke(Unknown Source)
at sun.reflect.DelegatingMethodAccessorImpl.invoke(Unknown Source)
at java.lang.reflect.Method.invoke(Unknown Source)
at org.testng.internal.MethodInvocationHelper.invokeMethod(MethodInvocationHelper.java:133)
at org.testng.internal.TestInvoker.invokeMethod(TestInvoker.java:598)
at org.testng.internal.TestInvoker.invokeTestMethod(TestInvoker.java:173)
at org.testng.internal.MethodRunner.runInSequence(MethodRunner.java:46)
at org.testng.internal.TestInvoker$MethodInvocationAgent.invoke(TestInvoker.java:824)
at org.testng.internal.TestInvoker.invokeTestMethods(TestInvoker.java:146)
at org.testng.internal.TestMethodWorker.invokeTestMethods(TestMethodWorker.java:146)
at org.testng.internal.TestMethodWorker.run(TestMethodWorker.java:128)
at java.util.ArrayList.forEach(Unknown Source)
at org.testng.TestRunner.privateRun(TestRunner.java:794)
at org.testng.TestRunner.run(TestRunner.java:596)
at org.testng.SuiteRunner.runTest(SuiteRunner.java:377)
at org.testng.SuiteRunner.runSequentially(SuiteRunner.java:371)
at org.testng.SuiteRunner.privateRun(SuiteRunner.java:332)
at org.testng.SuiteRunner.run(SuiteRunner.java:276)
at org.testng.SuiteRunnerWorker.runSuite(SuiteRunnerWorker.java:53)
at org.testng.SuiteRunnerWorker.run(SuiteRunnerWorker.java:96)
at org.testng.TestNG.runSuitesSequentially(TestNG.java:1212)
at org.testng.TestNG.runSuitesLocally(TestNG.java:1134)
at org.testng.TestNG.runSuites(TestNG.java:1063)
at org.testng.TestNG.run(TestNG.java:1031)
at org.testng.remote.AbstractRemoteTestNG.run(AbstractRemoteTestNG.java:115)
at org.testng.remote.RemoteTestNG.initAndRun(RemoteTestNG.java:251)
at org.testng.remote.RemoteTestNG.main(RemoteTestNG.java:77)
]]>
            </full-stacktrace>
          </exception> <!-- org.openqa.selenium.NoSuchElementException -->
          <reporter-output>
          </reporter-output>
        </test-method> <!-- verifyPolicyInfoForUSA4x4VehicleForDurationOf6Days -->
        <test-method status="PASS" signature="afterMethod(org.testng.ITestResult)[pri:0, instance:covergenius.tests.RCVehicleRentalInsuraceQuotesTest@4fb64261]" name="afterMethod" is-config="true" duration-ms="2384" started-at="2021-12-07T22:00:36 AEDT" finished-at="2021-12-07T22:00:39 AEDT">
          <params>
            <param index="0">
              <value>
                <![CDATA[[TestResult name=verifyPolicyInfoForUSA4x4VehicleForDurationOf6Days status=FAILURE method=RCVehicleRentalInsuraceQuotesTest.verifyPolicyInfoForUSA4x4VehicleForDurationOf6Days()[pri:0, instance:covergenius.tests.RCVehicleRentalInsuraceQuotesTest@4fb64261] output={null}]]]>
              </value>
            </param>
          </params>
          <reporter-output>
          </reporter-output>
        </test-method> <!-- afterMethod -->
        <test-method status="PASS" signature="beforeMethod(java.lang.reflect.Method)[pri:0, instance:covergenius.tests.RCVehicleRentalInsuraceQuotesTest@4fb64261]" name="beforeMethod" is-config="true" duration-ms="19454" started-at="2021-12-07T22:00:39 AEDT" finished-at="2021-12-07T22:00:58 AEDT">
          <params>
            <param index="0">
              <value>
                <![CDATA[public void covergenius.tests.RCVehicleRentalInsuraceQuotesTest.verifyPolicyQuoteForUnitedStates4x4VehicleFor1Day()]]>
              </value>
            </param>
          </params>
          <reporter-output>
          </reporter-output>
        </test-method> <!-- beforeMethod -->
        <test-method status="FAIL" signature="verifyPolicyQuoteForUnitedStates4x4VehicleFor1Day()[pri:0, instance:covergenius.tests.RCVehicleRentalInsuraceQuotesTest@4fb64261]" name="verifyPolicyQuoteForUnitedStates4x4VehicleFor1Day" duration-ms="12047" started-at="2021-12-07T22:00:58 AEDT" finished-at="2021-12-07T22:01:10 AEDT">
          <exception class="java.lang.AssertionError">
            <message>
              <![CDATA[The following asserts failed:
Total Price expected [26.68] but found [28.020000457763672]]]>
            </message>
            <full-stacktrace>
              <![CDATA[java.lang.AssertionError: The following asserts failed:
Total Price expected [26.68] but found [28.020000457763672]
at org.testng.asserts.SoftAssert.assertAll(SoftAssert.java:47)
at org.testng.asserts.SoftAssert.assertAll(SoftAssert.java:31)
at covergenius.tests.RCVehicleRentalInsuraceQuotesTest.verifyPolicyQuoteForUnitedStates4x4VehicleFor1Day(RCVehicleRentalInsuraceQuotesTest.java:27)
at sun.reflect.NativeMethodAccessorImpl.invoke0(Native Method)
at sun.reflect.NativeMethodAccessorImpl.invoke(Unknown Source)
at sun.reflect.DelegatingMethodAccessorImpl.invoke(Unknown Source)
at java.lang.reflect.Method.invoke(Unknown Source)
at org.testng.internal.MethodInvocationHelper.invokeMethod(MethodInvocationHelper.java:133)
at org.testng.internal.TestInvoker.invokeMethod(TestInvoker.java:598)
at org.testng.internal.TestInvoker.invokeTestMethod(TestInvoker.java:173)
at org.testng.internal.MethodRunner.runInSequence(MethodRunner.java:46)
at org.testng.internal.TestInvoker$MethodInvocationAgent.invoke(TestInvoker.java:824)
at org.testng.internal.TestInvoker.invokeTestMethods(TestInvoker.java:146)
at org.testng.internal.TestMethodWorker.invokeTestMethods(TestMethodWorker.java:146)
at org.testng.internal.TestMethodWorker.run(TestMethodWorker.java:128)
at java.util.ArrayList.forEach(Unknown Source)
at org.testng.TestRunner.privateRun(TestRunner.java:794)
at org.testng.TestRunner.run(TestRunner.java:596)
at org.testng.SuiteRunner.runTest(SuiteRunner.java:377)
at org.testng.SuiteRunner.runSequentially(SuiteRunner.java:371)
at org.testng.SuiteRunner.privateRun(SuiteRunner.java:332)
at org.testng.SuiteRunner.run(SuiteRunner.java:276)
at org.testng.SuiteRunnerWorker.runSuite(SuiteRunnerWorker.java:53)
at org.testng.SuiteRunnerWorker.run(SuiteRunnerWorker.java:96)
at org.testng.TestNG.runSuitesSequentially(TestNG.java:1212)
at org.testng.TestNG.runSuitesLocally(TestNG.java:1134)
at org.testng.TestNG.runSuites(TestNG.java:1063)
at org.testng.TestNG.run(TestNG.java:1031)
at org.testng.remote.AbstractRemoteTestNG.run(AbstractRemoteTestNG.java:115)
at org.testng.remote.RemoteTestNG.initAndRun(RemoteTestNG.java:251)
at org.testng.remote.RemoteTestNG.main(RemoteTestNG.java:77)
]]>
            </full-stacktrace>
          </exception> <!-- java.lang.AssertionError -->
          <reporter-output>
          </reporter-output>
        </test-method> <!-- verifyPolicyQuoteForUnitedStates4x4VehicleFor1Day -->
        <test-method status="PASS" signature="afterMethod(org.testng.ITestResult)[pri:0, instance:covergenius.tests.RCVehicleRentalInsuraceQuotesTest@4fb64261]" name="afterMethod" is-config="true" duration-ms="1724" started-at="2021-12-07T22:01:10 AEDT" finished-at="2021-12-07T22:01:12 AEDT">
          <params>
            <param index="0">
              <value>
                <![CDATA[[TestResult name=verifyPolicyQuoteForUnitedStates4x4VehicleFor1Day status=FAILURE method=RCVehicleRentalInsuraceQuotesTest.verifyPolicyQuoteForUnitedStates4x4VehicleFor1Day()[pri:0, instance:covergenius.tests.RCVehicleRentalInsuraceQuotesTest@4fb64261] output={null}]]]>
              </value>
            </param>
          </params>
          <reporter-output>
          </reporter-output>
        </test-method> <!-- afterMethod -->
        <test-method status="PASS" signature="afterSuite()[pri:0, instance:covergenius.tests.RCVehicleRentalInsuraceQuotesTest@4fb64261]" name="afterSuite" is-config="true" duration-ms="828" started-at="2021-12-07T22:01:12 AEDT" finished-at="2021-12-07T22:01:13 AEDT">
          <reporter-output>
          </reporter-output>
        </test-method> <!-- afterSuite -->
      </class> <!-- covergenius.tests.RCVehicleRentalInsuraceQuotesTest -->
    </test> <!-- Test -->
  </suite> <!-- CoverGeniusTestSuite -->
</testng-results>
